{
  "RSpec": {
    "coverage": {
      "/Users/julianorohde/Documents/projects/maino/desafio-maino/spec/support/factory_bot.rb": {
        "lines": [
          null,
          null,
          1,
          1,
          null
        ]
      },
      "/Users/julianorohde/Documents/projects/maino/desafio-maino/spec/support/shoulda_matchers.rb": {
        "lines": [
          null,
          null,
          1,
          1,
          1,
          1,
          null,
          null
        ]
      },
      "/Users/julianorohde/Documents/projects/maino/desafio-maino/app/models/user.rb": {
        "lines": [
          null,
          null,
          1,
          1,
          null,
          null,
          1,
          1,
          1,
          null
        ]
      },
      "/Users/julianorohde/Documents/projects/maino/desafio-maino/app/models/application_record.rb": {
        "lines": [
          1,
          1,
          null
        ]
      },
      "/Users/julianorohde/Documents/projects/maino/desafio-maino/spec/requests/pages_spec.rb": {
        "lines": [
          null,
          null,
          1,
          null,
          1,
          1,
          1,
          1,
          1,
          null,
          null,
          null
        ]
      },
      "/Users/julianorohde/Documents/projects/maino/desafio-maino/app/controllers/pages_controller.rb": {
        "lines": [
          null,
          null,
          1,
          1,
          null,
          null
        ]
      },
      "/Users/julianorohde/Documents/projects/maino/desafio-maino/app/controllers/application_controller.rb": {
        "lines": [
          1,
          null
        ]
      }
    },
    "timestamp": 1723691919
  }
}
